<?xml version="1.0" encoding="UTF-8"?>
<robot generator="Robot 7.1.1 (Python 3.13.1 on win32)" generated="2024-12-29T15:08:49.263577" rpa="false" schemaversion="5">
<suite id="s1" name="Testegoogle" source="C:\PROJETOS_PHYTON\testegoogle.robot">
<test id="s1-t1" name="Acessar Google" line="9">
<kw name="Quando eu abrir o navegador">
<kw name="Open Browser" owner="SeleniumLibrary">
<msg time="2024-12-29T15:08:51.696884" level="INFO">Opening browser 'Chrome' to base url 'https://www.google.com'.</msg>
<arg>${URL}</arg>
<arg>${BROWSER}</arg>
<doc>Opens a new browser instance to the optional ``url``.</doc>
<status status="PASS" start="2024-12-29T15:08:51.695903" elapsed="12.743503"/>
</kw>
<kw name="Maximize Browser Window" owner="SeleniumLibrary">
<doc>Maximizes current browser window.</doc>
<status status="PASS" start="2024-12-29T15:09:04.440136" elapsed="0.306677"/>
</kw>
<doc>Abre o navegador na URL definida.</doc>
<status status="PASS" start="2024-12-29T15:08:51.692765" elapsed="13.054485"/>
</kw>
<kw name="Então eu devo acessar a página do Google">
<kw name="Title Should Be" owner="SeleniumLibrary">
<msg time="2024-12-29T15:09:04.794079" level="INFO">Page title is 'Google'.</msg>
<arg>Google</arg>
<doc>Verifies that the current page title equals ``title``.</doc>
<status status="PASS" start="2024-12-29T15:09:04.749378" elapsed="0.045000"/>
</kw>
<kw name="Close Browser" owner="SeleniumLibrary">
<doc>Closes the current browser.</doc>
<status status="PASS" start="2024-12-29T15:09:04.794911" elapsed="4.728559"/>
</kw>
<doc>Verifica se a página do Google foi carregada com sucesso.</doc>
<status status="PASS" start="2024-12-29T15:09:04.748351" elapsed="4.775691"/>
</kw>
<kw name="Dado que eu quero acessar o Google">
<kw name="No Operation" owner="BuiltIn">
<doc>Does absolutely nothing.</doc>
<status status="PASS" start="2024-12-29T15:09:09.526759" elapsed="0.000595"/>
</kw>
<doc>Define o contexto inicial do teste.</doc>
<status status="PASS" start="2024-12-29T15:09:09.525495" elapsed="0.002305"/>
</kw>
<kw name="Quando eu abrir o navegador">
<kw name="Open Browser" owner="SeleniumLibrary">
<msg time="2024-12-29T15:09:09.531739" level="INFO">Opening browser 'Chrome' to base url 'https://www.google.com'.</msg>
<arg>${URL}</arg>
<arg>${BROWSER}</arg>
<doc>Opens a new browser instance to the optional ``url``.</doc>
<status status="PASS" start="2024-12-29T15:09:09.530710" elapsed="15.933134"/>
</kw>
<kw name="Maximize Browser Window" owner="SeleniumLibrary">
<doc>Maximizes current browser window.</doc>
<status status="PASS" start="2024-12-29T15:09:25.464630" elapsed="0.428537"/>
</kw>
<doc>Abre o navegador na URL definida.</doc>
<status status="PASS" start="2024-12-29T15:09:09.529182" elapsed="16.364516"/>
</kw>
<kw name="Então eu devo acessar a página do Google">
<kw name="Title Should Be" owner="SeleniumLibrary">
<msg time="2024-12-29T15:09:25.960496" level="INFO">Page title is 'Google'.</msg>
<arg>Google</arg>
<doc>Verifies that the current page title equals ``title``.</doc>
<status status="PASS" start="2024-12-29T15:09:25.896555" elapsed="0.064490"/>
</kw>
<kw name="Close Browser" owner="SeleniumLibrary">
<doc>Closes the current browser.</doc>
<status status="PASS" start="2024-12-29T15:09:25.962000" elapsed="3.693668"/>
</kw>
<doc>Verifica se a página do Google foi carregada com sucesso.</doc>
<status status="PASS" start="2024-12-29T15:09:25.895215" elapsed="3.761001"/>
</kw>
<doc>Cenário: Dado que eu quero acessar o Google</doc>
<tag>acesso google</tag>
<status status="PASS" start="2024-12-29T15:08:51.588982" elapsed="38.068520"/>
</test>
<status status="PASS" start="2024-12-29T15:08:49.271319" elapsed="40.391693"/>
</suite>
<statistics>
<total>
<stat pass="1" fail="0" skip="0">All Tests</stat>
</total>
<tag>
<stat pass="1" fail="0" skip="0">acesso google</stat>
</tag>
<suite>
<stat pass="1" fail="0" skip="0" id="s1" name="Testegoogle">Testegoogle</stat>
</suite>
</statistics>
<errors>
</errors>
</robot>
